<?xml version="1.0" encoding="UTF-8"?>
<!-- Generated by org.testng.reporters.JUnitXMLReporter -->
<testsuite ignored="6" hostname="LAPTOP-MNFVEGKH" failures="0" tests="0" name="TestNG test1" time="0.018" errors="0" timestamp="2023-10-15T14:07:22 IST">
  <testcase classname="testngtask.TestNGTask" name="divide" time="0.0">
    <ignored/>
  </testcase> <!-- divide -->
  <testcase classname="testngtask.TestNGTask" name="subt" time="0.0">
    <ignored/>
  </testcase> <!-- subt -->
  <testcase classname="testngtask.Parameterized" name="testPerformAddUsingDataProvider" time="0.0">
    <ignored/>
  </testcase> <!-- testPerformAddUsingDataProvider -->
  <testcase classname="testngtask.TestNGTask" name="add" time="0.0">
    <ignored/>
  </testcase> <!-- add -->
  <testcase classname="testngtask.TestNGTask" name="mult" time="0.0">
    <ignored/>
  </testcase> <!-- mult -->
  <testcase classname="testngtask.TestNGTask" name="power" time="0.0">
    <ignored/>
  </testcase> <!-- power -->
</testsuite> <!-- TestNG test1 -->
