<?xml version="1.0" encoding="UTF-8"?>
<!-- Generated by org.testng.reporters.JUnitXMLReporter -->
<testsuite ignored="0" hostname="LAPTOP-MNFVEGKH" failures="0" tests="3" name="TestNG test2" time="0.118" errors="0" timestamp="2023-10-15T14:07:22 IST">
  <testcase classname="testngtask.TestNGSampleTests" name="testVerifyTwoChars" time="0.025"/>
  <testcase classname="testngtask.TestNGSampleTests" name="testVerifyTwoIntegers" time="0.011"/>
  <testcase classname="testngtask.TestNGSampleTests" name="testVerifyTwoStrings" time="0.004"/>
</testsuite> <!-- TestNG test2 -->
